{
  "stats": {
    "suites": 1,
    "tests": 4,
    "passes": 4,
    "pending": 0,
    "failures": 0,
    "start": "2025-12-18T00:52:16.277Z",
    "end": "2025-12-18T00:52:16.321Z",
    "duration": 44,
    "testsRegistered": 4,
    "passPercent": 100,
    "pendingPercent": 0,
    "other": 0,
    "hasOther": false,
    "skipped": 0,
    "hasSkipped": false
  },
  "results": [
    {
      "uuid": "dd901043-791d-4490-a298-7d059388cec7",
      "title": "",
      "fullFile": "C:\\Suda_files_2024_lenovo\\Learnings\\PlayWright\\PlaywrightAutomationVapa3-ApiNodeJS\\tests\\api_test.js",
      "file": "\\tests\\api_test.js",
      "beforeHooks": [],
      "afterHooks": [],
      "tests": [],
      "suites": [
        {
          "uuid": "a7a0211f-b36c-428d-8fb7-1ed2a18d27fd",
          "title": "API Tests",
          "fullFile": "C:\\Suda_files_2024_lenovo\\Learnings\\PlayWright\\PlaywrightAutomationVapa3-ApiNodeJS\\tests\\api_test.js",
          "file": "\\tests\\api_test.js",
          "beforeHooks": [
            {
              "title": "\"before all\" hook in \"API Tests\"",
              "fullTitle": "API Tests \"before all\" hook in \"API Tests\"",
              "timedOut": false,
              "duration": 7,
              "state": null,
              "speed": null,
              "pass": false,
              "fail": false,
              "pending": false,
              "context": null,
              "code": "({expect} = await import('chai'))",
              "err": {},
              "uuid": "ad96c30f-0e3f-4432-a56a-7e89c0942ebb",
              "parentUUID": "a7a0211f-b36c-428d-8fb7-1ed2a18d27fd",
              "isHook": true,
              "skipped": false
            }
          ],
          "afterHooks": [],
          "tests": [
            {
              "title": "should retrieve all resources",
              "fullTitle": "API Tests should retrieve all resources",
              "timedOut": false,
              "duration": 16,
              "state": "passed",
              "speed": "fast",
              "pass": true,
              "fail": false,
              "pending": false,
              "context": null,
              "code": "const res = await request(app)\n    .get('/resources')\n    .set('Accept', 'application/json');\nexpect(res.status).to.equal(200);\nexpect(res.body).to.be.an('array');\nexpect(res.body.length).to.equal(2);\nexpect(res.body[0]).to.have.property('id', 1);\nexpect(res.body[0]).to.have.property('name', 'Resource One');\nexpect(res.body[0]).to.have.property('type', 'Type A');",
              "err": {},
              "uuid": "8eebc9ab-6d5b-4923-9c5c-053dd12c51de",
              "parentUUID": "a7a0211f-b36c-428d-8fb7-1ed2a18d27fd",
              "isHook": false,
              "skipped": false
            },
            {
              "title": "should create a new resource",
              "fullTitle": "API Tests should create a new resource",
              "timedOut": false,
              "duration": 12,
              "state": "passed",
              "speed": "fast",
              "pass": true,
              "fail": false,
              "pending": false,
              "context": null,
              "code": "const newResource = { name: 'Resource three', type: 'Type C' };\nconst res = await request(app)\n    .post('/resource')\n    .send(newResource)\nexpect(res.status).to.equal(201);\nexpect(res.body).to.have.property('id');",
              "err": {},
              "uuid": "804d16fa-5783-4d48-83bd-7d24e997203b",
              "parentUUID": "a7a0211f-b36c-428d-8fb7-1ed2a18d27fd",
              "isHook": false,
              "skipped": false
            },
            {
              "title": "should delete a resource by ID",
              "fullTitle": "API Tests should delete a resource by ID",
              "timedOut": false,
              "duration": 3,
              "state": "passed",
              "speed": "fast",
              "pass": true,
              "fail": false,
              "pending": false,
              "context": null,
              "code": "const resourceIdToDelete = 1;\nconst res = await request(app)\n    .delete(`/resource/${resourceIdToDelete}`)\nexpect(res.status).to.equal(200);\nexpect(res.body).to.have.property('message', 'Resource deleted');",
              "err": {},
              "uuid": "469cd9ae-c315-4f86-9865-065aa01971c7",
              "parentUUID": "a7a0211f-b36c-428d-8fb7-1ed2a18d27fd",
              "isHook": false,
              "skipped": false
            },
            {
              "title": "should return 404 when deleting not delete a resource",
              "fullTitle": "API Tests should return 404 when deleting not delete a resource",
              "timedOut": false,
              "duration": 3,
              "state": "passed",
              "speed": "fast",
              "pass": true,
              "fail": false,
              "pending": false,
              "context": null,
              "code": "const resourceIdToDelete = 80;\nconst res = await request(app)\n    .delete(`/resource/${resourceIdToDelete}`)\nexpect(res.status).to.equal(404);\nexpect(res.body).to.have.property('error', 'Resource not found');",
              "err": {},
              "uuid": "f129401b-ea2d-498c-8948-75938f704c1f",
              "parentUUID": "a7a0211f-b36c-428d-8fb7-1ed2a18d27fd",
              "isHook": false,
              "skipped": false
            }
          ],
          "suites": [],
          "passes": [
            "8eebc9ab-6d5b-4923-9c5c-053dd12c51de",
            "804d16fa-5783-4d48-83bd-7d24e997203b",
            "469cd9ae-c315-4f86-9865-065aa01971c7",
            "f129401b-ea2d-498c-8948-75938f704c1f"
          ],
          "failures": [],
          "pending": [],
          "skipped": [],
          "duration": 34,
          "root": false,
          "rootEmpty": false,
          "_timeout": 2000
        }
      ],
      "passes": [],
      "failures": [],
      "pending": [],
      "skipped": [],
      "duration": 0,
      "root": true,
      "rootEmpty": true,
      "_timeout": 2000
    }
  ],
  "meta": {
    "mocha": {
      "version": "11.7.5"
    },
    "mochawesome": {
      "options": {
        "quiet": false,
        "reportFilename": "mochawesome",
        "saveHtml": true,
        "saveJson": true,
        "consoleReporter": "spec",
        "useInlineDiffs": false,
        "code": true
      },
      "version": "7.1.4"
    },
    "marge": {
      "options": {
        "reportDir ": " mochawesome-reports",
        "reportFilename ": " report",
        "overwrite ": " true",
        "html ": " true",
        "json ": " true"
      },
      "version": "6.3.2"
    }
  }
}